<?xml version="1.0" encoding="UTF-8"?>
<!-- Generated by org.testng.reporters.JUnitReportReporter -->
<testsuite hostname="Onkar" failures="0" tests="1" name="testPackage.ActiTimeCreateManagers" time="6.020" errors="0" timestamp="2023-10-15T17:56:35 IST" skipped="0">
  <testcase classname="testPackage.ActiTimeCreateManagers" name="createNewManagerTestScript" time="6.020"/>
</testsuite> <!-- testPackage.ActiTimeCreateManagers -->
