<?xml version="1.0" encoding="UTF-8"?>
<!-- Generated by org.testng.reporters.JUnitReportReporter -->
<testsuite hostname="Onkar" failures="0" tests="1" name="testPackage.ActiTimeDeleteTestCase" time="26.449" errors="0" timestamp="2023-10-11T15:36:21 IST" skipped="0">
  <testcase classname="testPackage.ActiTimeDeleteTestCase" name="deleteTestScript" time="26.449"/>
</testsuite> <!-- testPackage.ActiTimeDeleteTestCase -->
