<?xml version="1.0" encoding="UTF-8"?>
<!-- Generated by org.testng.reporters.JUnitReportReporter -->
<testsuite hostname="Onkar" failures="0" tests="1" name="testPackage.ActiTimeValidLoginTestCase" time="29.670" errors="0" timestamp="2023-10-11T15:36:21 IST" skipped="0">
  <testcase classname="testPackage.ActiTimeValidLoginTestCase" name="validLoginTestScript" time="29.670"/>
</testsuite> <!-- testPackage.ActiTimeValidLoginTestCase -->
