<?xml version="1.0" encoding="UTF-8"?>
<!-- Generated by org.testng.reporters.JUnitReportReporter -->
<testsuite hostname="Onkar" failures="0" tests="1" name="testPackage.ActiTimeCreateProjects_Customers" time="31.112" errors="0" timestamp="2023-10-11T15:36:21 IST" skipped="0">
  <testcase classname="testPackage.ActiTimeCreateProjects_Customers" name="createValidCustomer_ProjectTestScript" time="31.112"/>
</testsuite> <!-- testPackage.ActiTimeCreateProjects_Customers -->
